[10Jan2025 00:00:14.558] [Server thread/INFO] [com.github.sculkhorde.core.SculkHorde/]: Saving 0 events.
[10Jan2025 00:00:14.560] [Server thread/INFO] [com.github.sculkhorde.core.SculkHorde/]: Saved 0 events. Took 0 Milliseconds.
[10Jan2025 00:04:54.299] [Server thread/INFO] [net.minecraft.world.entity.LivingEntity/]: Named entity WanderingTrader['Tomeka'/10047, l='ServerLevel[world]', x=1174.02, y=69.00, z=51.36] died: Tomeka was slain by Zombie
[10Jan2025 00:05:14.563] [Server thread/INFO] [com.github.sculkhorde.core.SculkHorde/]: Saving 0 events.
[10Jan2025 00:05:14.563] [Server thread/INFO] [com.github.sculkhorde.core.SculkHorde/]: Saved 0 events. Took 0 Milliseconds.
[10Jan2025 00:10:14.557] [Server thread/INFO] [com.github.sculkhorde.core.SculkHorde/]: Saving 0 events.
[10Jan2025 00:10:14.557] [Server thread/INFO] [com.github.sculkhorde.core.SculkHorde/]: Saved 0 events. Took 0 Milliseconds.
[10Jan2025 00:15:14.554] [Server thread/INFO] [com.github.sculkhorde.core.SculkHorde/]: Saving 0 events.
[10Jan2025 00:15:14.554] [Server thread/INFO] [com.github.sculkhorde.core.SculkHorde/]: Saved 0 events. Took 0 Milliseconds.
[10Jan2025 00:18:42.957] [Server thread/INFO] [com.teampotato.redirector.Redirector/]: Redirecting com/simibubi/create/content/kinetics/belt/behaviour/BeltProcessingBehaviour$ProcessingResult
[10Jan2025 00:18:42.958] [Server thread/INFO] [com.teampotato.redirector.Redirector/]: Redirecting com/simibubi/create/content/kinetics/press/PressingBehaviour$Mode
[10Jan2025 00:20:14.557] [Server thread/INFO] [com.github.sculkhorde.core.SculkHorde/]: Saving 0 events.
[10Jan2025 00:20:14.557] [Server thread/INFO] [com.github.sculkhorde.core.SculkHorde/]: Saved 0 events. Took 0 Milliseconds.
[10Jan2025 00:21:30.297] [Server thread/INFO] [com.teampotato.redirector.Redirector/]: Redirecting com/tiviacz/travelersbackpack/inventory/sorter/SortType$Type
[10Jan2025 00:25:14.555] [Server thread/INFO] [com.github.sculkhorde.core.SculkHorde/]: Saving 0 events.
[10Jan2025 00:25:14.555] [Server thread/INFO] [com.github.sculkhorde.core.SculkHorde/]: Saved 0 events. Took 0 Milliseconds.
[10Jan2025 00:26:11.129] [Server thread/INFO] [com.teampotato.redirector.Redirector/]: Redirecting com/simibubi/create/content/kinetics/crafter/MechanicalCrafterBlockEntity$Phase
[10Jan2025 00:30:14.555] [Server thread/INFO] [com.github.sculkhorde.core.SculkHorde/]: Saving 0 events.
[10Jan2025 00:30:14.555] [Server thread/INFO] [com.github.sculkhorde.core.SculkHorde/]: Saved 0 events. Took 0 Milliseconds.
[10Jan2025 00:31:13.227] [Server thread/INFO] [net.minecraft.server.MinecraftServer/]: [Lcdo_Patino: Teleported Lcdo_Patino to 1490.000000, 64.000000, -96.000000]
[10Jan2025 00:32:05.579] [Server thread/INFO] [net.minecraft.server.MinecraftServer/]: [Lcdo_Patino: Teleported Lcdo_Patino to 1210.000000, 70.000000, 54.000000]
[10Jan2025 00:35:14.557] [Server thread/INFO] [com.github.sculkhorde.core.SculkHorde/]: Saving 0 events.
[10Jan2025 00:35:14.558] [Server thread/INFO] [com.github.sculkhorde.core.SculkHorde/]: Saved 0 events. Took 0 Milliseconds.
[10Jan2025 00:38:31.113] [User Authenticator #2/INFO] [net.minecraft.server.network.ServerLoginPacketListenerImpl/]: UUID of player Hikejace is daa697e4-374d-4652-a2ef-5b7ad56a67fc
[10Jan2025 00:38:33.023] [Server thread/INFO] [net.minecraft.server.players.PlayerList/]: Hikejace[/100.106.144.37:60376] logged in with entity id 16918 at (1213.56005030553, 70.0, 70.03880078590059)
[10Jan2025 00:38:33.052] [Server thread/INFO] [net.minecraft.server.MinecraftServer/]: Hikejace joined the game
[10Jan2025 00:38:33.093] [Server thread/INFO] [Jade/]: Syncing config to Hikejace (daa697e4-374d-4652-a2ef-5b7ad56a67fc)
[10Jan2025 00:40:14.576] [Server thread/INFO] [com.github.sculkhorde.core.SculkHorde/]: Saving 0 events.
[10Jan2025 00:40:14.576] [Server thread/INFO] [com.github.sculkhorde.core.SculkHorde/]: Saved 0 events. Took 0 Milliseconds.
[10Jan2025 00:41:45.551] [Server thread/INFO] [com.teampotato.redirector.Redirector/]: Redirecting com/simibubi/create/content/kinetics/base/IRotate$StressImpact
[10Jan2025 00:45:14.568] [Server thread/INFO] [com.github.sculkhorde.core.SculkHorde/]: Saving 0 events.
[10Jan2025 00:45:14.568] [Server thread/INFO] [com.github.sculkhorde.core.SculkHorde/]: Saved 0 events. Took 0 Milliseconds.
[10Jan2025 00:48:37.935] [Server thread/INFO] [com.teampotato.redirector.Redirector/]: Redirecting io/redspace/ironsspellbooks/api/spells/CastResult$Type
[10Jan2025 00:48:37.935] [Server thread/INFO] [com.teampotato.redirector.Redirector/]: Redirecting io/redspace/ironsspellbooks/api/spells/CastType
[10Jan2025 00:50:14.565] [Server thread/INFO] [com.github.sculkhorde.core.SculkHorde/]: Saving 0 events.
[10Jan2025 00:50:14.566] [Server thread/INFO] [com.github.sculkhorde.core.SculkHorde/]: Saved 0 events. Took 0 Milliseconds.
[10Jan2025 00:55:14.562] [Server thread/INFO] [com.github.sculkhorde.core.SculkHorde/]: Saving 0 events.
[10Jan2025 00:55:14.562] [Server thread/INFO] [com.github.sculkhorde.core.SculkHorde/]: Saved 0 events. Took 0 Milliseconds.
[10Jan2025 00:59:31.134] [Server thread/INFO] [com.teampotato.redirector.Redirector/]: Redirecting fuzs/puzzleslib/api/event/v1/core/EventResult
[10Jan2025 01:00:14.564] [Server thread/INFO] [com.github.sculkhorde.core.SculkHorde/]: Saving 0 events.
[10Jan2025 01:00:14.564] [Server thread/INFO] [com.github.sculkhorde.core.SculkHorde/]: Saved 0 events. Took 0 Milliseconds.
[10Jan2025 01:00:51.448] [Server thread/INFO] [net.minecraft.server.MinecraftServer/]: Lcdo_Patino has made the advancement [The Parrots and the Bats]
[10Jan2025 01:05:14.562] [Server thread/INFO] [com.github.sculkhorde.core.SculkHorde/]: Saving 0 events.
[10Jan2025 01:05:14.563] [Server thread/INFO] [com.github.sculkhorde.core.SculkHorde/]: Saved 0 events. Took 0 Milliseconds.
[10Jan2025 01:10:14.565] [Server thread/INFO] [com.github.sculkhorde.core.SculkHorde/]: Saving 0 events.
[10Jan2025 01:10:14.565] [Server thread/INFO] [com.github.sculkhorde.core.SculkHorde/]: Saved 0 events. Took 0 Milliseconds.
[10Jan2025 01:15:14.563] [Server thread/INFO] [com.github.sculkhorde.core.SculkHorde/]: Saving 0 events.
[10Jan2025 01:15:14.563] [Server thread/INFO] [com.github.sculkhorde.core.SculkHorde/]: Saved 0 events. Took 0 Milliseconds.
[10Jan2025 01:20:14.560] [Server thread/INFO] [com.github.sculkhorde.core.SculkHorde/]: Saving 0 events.
[10Jan2025 01:20:14.560] [Server thread/INFO] [com.github.sculkhorde.core.SculkHorde/]: Saved 0 events. Took 0 Milliseconds.
[10Jan2025 01:24:21.798] [Server thread/INFO] [com.teampotato.redirector.Redirector/]: Redirecting com/simibubi/create/content/redstone/link/LinkBehaviour$Mode
[10Jan2025 01:25:14.562] [Server thread/INFO] [com.github.sculkhorde.core.SculkHorde/]: Saving 0 events.
[10Jan2025 01:25:14.562] [Server thread/INFO] [com.github.sculkhorde.core.SculkHorde/]: Saved 0 events. Took 0 Milliseconds.
[10Jan2025 01:30:14.564] [Server thread/INFO] [com.github.sculkhorde.core.SculkHorde/]: Saving 0 events.
[10Jan2025 01:30:14.564] [Server thread/INFO] [com.github.sculkhorde.core.SculkHorde/]: Saved 0 events. Took 0 Milliseconds.
[10Jan2025 01:35:14.564] [Server thread/INFO] [com.github.sculkhorde.core.SculkHorde/]: Saving 0 events.
[10Jan2025 01:35:14.564] [Server thread/INFO] [com.github.sculkhorde.core.SculkHorde/]: Saved 0 events. Took 0 Milliseconds.
[10Jan2025 01:39:13.451] [Server thread/INFO] [net.minecraft.server.network.ServerLoginPacketListenerImpl/]: com.mojang.authlib.GameProfile@e18785a[id=<null>,name=SadduranGT,properties={},legacy=false] (/100.78.237.96:54991) lost connection: Disconnected
[10Jan2025 01:39:17.896] [Server thread/INFO] [net.minecraft.server.network.ServerLoginPacketListenerImpl/]: com.mojang.authlib.GameProfile@5bcb805a[id=<null>,name=SadduranGT,properties={},legacy=false] (/100.78.237.96:54993) lost connection: Disconnected
[10Jan2025 01:40:14.561] [Server thread/INFO] [com.github.sculkhorde.core.SculkHorde/]: Saving 0 events.
[10Jan2025 01:40:14.561] [Server thread/INFO] [com.github.sculkhorde.core.SculkHorde/]: Saved 0 events. Took 0 Milliseconds.
[10Jan2025 01:41:32.148] [User Authenticator #3/INFO] [net.minecraft.server.network.ServerLoginPacketListenerImpl/]: UUID of player SadduranGT is 0942ccad-b410-43b2-b725-938a1e629871
[10Jan2025 01:41:34.066] [Server thread/INFO] [net.minecraft.server.players.PlayerList/]: SadduranGT[/100.78.237.96:55043] logged in with entity id 29724 at (1177.2637236516623, 71.0625, 44.66584446500616)
[10Jan2025 01:41:34.079] [Server thread/INFO] [net.minecraft.server.MinecraftServer/]: SadduranGT joined the game
[10Jan2025 01:41:34.118] [Server thread/INFO] [Jade/]: Syncing config to SadduranGT (0942ccad-b410-43b2-b725-938a1e629871)
[10Jan2025 01:41:44.196] [Server thread/WARN] [net.minecraft.server.network.ServerGamePacketListenerImpl/]: SadduranGT was kicked for floating too long!
[10Jan2025 01:41:44.248] [Server thread/INFO] [net.minecraft.server.network.ServerGamePacketListenerImpl/]: SadduranGT lost connection: Flying is not enabled on this server
[10Jan2025 01:41:44.249] [Server thread/INFO] [net.minecraft.server.MinecraftServer/]: SadduranGT left the game
[10Jan2025 01:42:26.757] [User Authenticator #4/INFO] [net.minecraft.server.network.ServerLoginPacketListenerImpl/]: UUID of player SadduranGT is 0942ccad-b410-43b2-b725-938a1e629871
[10Jan2025 01:42:28.659] [Server thread/INFO] [net.minecraft.server.players.PlayerList/]: SadduranGT[/100.78.237.96:55049] logged in with entity id 29904 at (1177.2637236516623, 71.0625, 44.66584446500616)
[10Jan2025 01:42:28.671] [Server thread/INFO] [net.minecraft.server.MinecraftServer/]: SadduranGT joined the game
[10Jan2025 01:42:28.717] [Server thread/INFO] [Jade/]: Syncing config to SadduranGT (0942ccad-b410-43b2-b725-938a1e629871)
[10Jan2025 01:44:57.987] [Netty Epoll Server IO #2/INFO] [com.teampotato.redirector.Redirector/]: Redirecting net/combatroll/client/RollEffect$Particles
[10Jan2025 01:45:14.571] [Server thread/INFO] [com.github.sculkhorde.core.SculkHorde/]: Saving 0 events.
[10Jan2025 01:45:14.571] [Server thread/INFO] [com.github.sculkhorde.core.SculkHorde/]: Saved 0 events. Took 0 Milliseconds.
[10Jan2025 01:50:14.569] [Server thread/INFO] [com.github.sculkhorde.core.SculkHorde/]: Saving 0 events.
[10Jan2025 01:50:14.569] [Server thread/INFO] [com.github.sculkhorde.core.SculkHorde/]: Saved 0 events. Took 0 Milliseconds.
[10Jan2025 01:55:14.576] [Server thread/INFO] [com.github.sculkhorde.core.SculkHorde/]: Saving 0 events.
[10Jan2025 01:55:14.576] [Server thread/INFO] [com.github.sculkhorde.core.SculkHorde/]: Saved 0 events. Took 0 Milliseconds.
[10Jan2025 01:55:38.108] [Server thread/INFO] [net.minecraft.server.MinecraftServer/]: Hikejace has made the advancement [No Longer Short-Staffed]
[10Jan2025 01:59:20.991] [Server thread/INFO] [com.teampotato.redirector.Redirector/]: Redirecting com/github/alexthe666/alexsmobs/entity/util/TerrapinTypes
[10Jan2025 02:00:14.573] [Server thread/INFO] [com.github.sculkhorde.core.SculkHorde/]: Saving 0 events.
[10Jan2025 02:00:14.573] [Server thread/INFO] [com.github.sculkhorde.core.SculkHorde/]: Saved 0 events. Took 0 Milliseconds.
[10Jan2025 02:05:14.572] [Server thread/INFO] [com.github.sculkhorde.core.SculkHorde/]: Saving 0 events.
[10Jan2025 02:05:14.572] [Server thread/INFO] [com.github.sculkhorde.core.SculkHorde/]: Saved 0 events. Took 0 Milliseconds.
[10Jan2025 02:10:14.575] [Server thread/INFO] [com.github.sculkhorde.core.SculkHorde/]: Saving 0 events.
[10Jan2025 02:10:14.575] [Server thread/INFO] [com.github.sculkhorde.core.SculkHorde/]: Saved 0 events. Took 0 Milliseconds.
[10Jan2025 02:12:42.957] [Server thread/INFO] [net.minecraft.server.MinecraftServer/]: SadduranGT has made the advancement [Good Demoman]
[10Jan2025 02:14:44.075] [Server thread/INFO] [com.teampotato.redirector.Redirector/]: Redirecting net/p3pp3rf1y/sophisticatedcore/settings/main/Context
[10Jan2025 02:15:14.576] [Server thread/INFO] [com.github.sculkhorde.core.SculkHorde/]: Saving 0 events.
[10Jan2025 02:15:14.576] [Server thread/INFO] [com.github.sculkhorde.core.SculkHorde/]: Saved 0 events. Took 0 Milliseconds.
[10Jan2025 02:19:03.309] [Server thread/INFO] [net.minecraft.server.MinecraftServer/]: Lcdo_Patino has made the advancement [The Wind Darkening]
[10Jan2025 02:19:18.403] [Server thread/INFO] [net.minecraft.server.MinecraftServer/]: SadduranGT has made the advancement [Need A Map?]
[10Jan2025 02:19:43.439] [User Authenticator #5/INFO] [net.minecraft.server.network.ServerLoginPacketListenerImpl/]: UUID of player Laudin114 is a524a2c1-2761-41d1-ba09-9497194a52f4
[10Jan2025 02:19:45.325] [Server thread/INFO] [net.minecraft.server.players.PlayerList/]: Laudin114[/100.112.225.20:52860] logged in with entity id 41657 at (1188.762499988079, 70.0, 50.16764374071009)
[10Jan2025 02:19:45.338] [Server thread/INFO] [net.minecraft.server.MinecraftServer/]: Laudin114 joined the game
[10Jan2025 02:19:45.382] [Server thread/INFO] [Jade/]: Syncing config to Laudin114 (a524a2c1-2761-41d1-ba09-9497194a52f4)
[10Jan2025 02:20:14.576] [Server thread/INFO] [com.github.sculkhorde.core.SculkHorde/]: Saving 0 events.
[10Jan2025 02:20:14.576] [Server thread/INFO] [com.github.sculkhorde.core.SculkHorde/]: Saved 0 events. Took 0 Milliseconds.
[10Jan2025 02:20:40.553] [Server thread/WARN] [net.minecraft.server.network.ServerGamePacketListenerImpl/]: SadduranGT was kicked for floating too long!
[10Jan2025 02:20:40.606] [Server thread/INFO] [net.minecraft.server.network.ServerGamePacketListenerImpl/]: SadduranGT lost connection: Flying is not enabled on this server
[10Jan2025 02:20:40.606] [Server thread/INFO] [net.minecraft.server.MinecraftServer/]: SadduranGT left the game
[10Jan2025 02:20:59.049] [User Authenticator #6/INFO] [net.minecraft.server.network.ServerLoginPacketListenerImpl/]: UUID of player SadduranGT is 0942ccad-b410-43b2-b725-938a1e629871
[10Jan2025 02:21:00.910] [Server thread/INFO] [net.minecraft.server.players.PlayerList/]: SadduranGT[/100.78.237.96:55227] logged in with entity id 41934 at (1079.498095917898, 9.753199980521202, 115.93963449554381)
[10Jan2025 02:21:00.920] [Server thread/INFO] [net.minecraft.server.MinecraftServer/]: SadduranGT joined the game
[10Jan2025 02:21:00.954] [Server thread/INFO] [Jade/]: Syncing config to SadduranGT (0942ccad-b410-43b2-b725-938a1e629871)
[10Jan2025 02:21:00.956] [Server thread/INFO] [net.minecraft.server.MinecraftServer/]: Lcdo_Patino has made the advancement [Stare Into Despair]
[10Jan2025 02:24:50.248] [Server thread/INFO] [com.teampotato.redirector.Redirector/]: Redirecting com/github/alexthe666/iceandfire/pathfinding/raycoms/PathFindingStatus
[10Jan2025 02:24:50.249] [Server thread/INFO] [com.teampotato.redirector.Redirector/]: Redirecting com/github/alexthe666/iceandfire/pathfinding/raycoms/AbstractAdvancedPathNavigate$RestrictionType
[10Jan2025 02:24:50.253] [Ice and Fire Pathfinding Worker #0/INFO] [com.teampotato.redirector.Redirector/]: Redirecting com/github/alexthe666/iceandfire/pathfinding/raycoms/SurfaceType
[10Jan2025 02:25:14.574] [Server thread/INFO] [com.github.sculkhorde.core.SculkHorde/]: Saving 0 events.
[10Jan2025 02:25:14.574] [Server thread/INFO] [com.github.sculkhorde.core.SculkHorde/]: Saved 0 events. Took 0 Milliseconds.
[10Jan2025 02:30:14.579] [Server thread/INFO] [com.github.sculkhorde.core.SculkHorde/]: Saving 0 events.
[10Jan2025 02:30:14.579] [Server thread/INFO] [com.github.sculkhorde.core.SculkHorde/]: Saved 0 events. Took 0 Milliseconds.
[10Jan2025 02:32:28.700] [Server thread/INFO] [com.teampotato.redirector.Redirector/]: Redirecting io/redspace/ironsspellbooks/capabilities/magic/RecastResult
[10Jan2025 02:32:28.702] [Server thread/INFO] [net.minecraft.server.MinecraftServer/]: Hikejace was slain by Decrepit Skeleton
[10Jan2025 02:32:28.711] [Server thread/INFO] [com.tiviacz.travelersbackpack.TravelersBackpack/]: Created new backpack backup file for Hikejace with unique ID travelersbackpack.standard_10.01.2025-02.32.28.dat
[10Jan2025 02:34:05.650] [Server thread/INFO] [net.minecraft.server.MinecraftServer/]: Laudin114 has made the advancement [Ice Bucket Challenge]
[10Jan2025 02:34:10.099] [Server thread/INFO] [net.minecraft.server.MinecraftServer/]: Laudin114 has made the advancement [Hunt and Gather]
[10Jan2025 02:35:14.570] [Server thread/INFO] [com.github.sculkhorde.core.SculkHorde/]: Saving 0 events.
[10Jan2025 02:35:14.570] [Server thread/INFO] [com.github.sculkhorde.core.SculkHorde/]: Saved 0 events. Took 0 Milliseconds.
[10Jan2025 02:38:49.972] [Server thread/INFO] [com.teampotato.redirector.Redirector/]: Redirecting com/simibubi/create/content/equipment/clipboard/ClipboardOverrides$ClipboardType
[10Jan2025 02:40:15.412] [Server thread/INFO] [com.github.sculkhorde.core.SculkHorde/]: Saving 0 events.
[10Jan2025 02:40:15.430] [Server thread/INFO] [com.github.sculkhorde.core.SculkHorde/]: Saved 0 events. Took 0 Milliseconds.
[10Jan2025 02:40:17.153] [Server thread/WARN] [net.minecraft.server.MinecraftServer/]: Can't keep up! Is the server overloaded? Running 2567ms or 51 ticks behind
[10Jan2025 02:42:10.017] [Server thread/INFO] [net.minecraft.server.MinecraftServer/]: Lcdo_Patino has made the advancement [Dark Forging]
[10Jan2025 02:45:17.132] [Server thread/INFO] [com.github.sculkhorde.core.SculkHorde/]: Saving 0 events.
[10Jan2025 02:45:17.132] [Server thread/INFO] [com.github.sculkhorde.core.SculkHorde/]: Saved 0 events. Took 0 Milliseconds.
[10Jan2025 02:47:12.061] [Server thread/INFO] [net.minecraft.server.MinecraftServer/]: [Hikejace: Teleported Laudin114 to SadduranGT]
[10Jan2025 02:47:59.509] [Server thread/INFO] [net.minecraft.server.MinecraftServer/]: SadduranGT burned to death
[10Jan2025 02:47:59.515] [Server thread/INFO] [com.tiviacz.travelersbackpack.TravelersBackpack/]: Created new backpack backup file for SadduranGT with unique ID travelersbackpack.standard_10.01.2025-02.47.59.dat
[10Jan2025 02:48:01.016] [Server thread/INFO] [net.minecraft.server.MinecraftServer/]: [Hikejace: Teleported SadduranGT to Hikejace]
[10Jan2025 02:48:10.621] [Server thread/INFO] [net.minecraft.server.MinecraftServer/]: [Hikejace: Teleported SadduranGT to Laudin114]
[10Jan2025 02:49:54.999] [Server thread/INFO] [net.minecraft.server.MinecraftServer/]: Lcdo_Patino has completed the challenge [Premium!]
[10Jan2025 02:50:11.508] [Server thread/WARN] [net.minecraft.world.level.storage.loot.functions.SmeltItemFunction/]: Couldn't smelt 2 bison_fur because there is no smelting recipe
[10Jan2025 02:50:17.148] [Server thread/INFO] [com.github.sculkhorde.core.SculkHorde/]: Saving 0 events.
[10Jan2025 02:50:17.148] [Server thread/INFO] [com.github.sculkhorde.core.SculkHorde/]: Saved 0 events. Took 0 Milliseconds.
[10Jan2025 02:50:21.618] [Server thread/INFO] [com.teampotato.redirector.Redirector/]: Redirecting net/minecraft/world/level/gameevent/GameEventListener$DeliveryMode
[10Jan2025 02:50:22.408] [Server thread/WARN] [net.minecraft.world.level.storage.loot.functions.SmeltItemFunction/]: Couldn't smelt 2 bison_fur because there is no smelting recipe
[10Jan2025 02:50:26.153] [Server thread/WARN] [net.minecraft.world.level.storage.loot.functions.SmeltItemFunction/]: Couldn't smelt 1 bison_fur because there is no smelting recipe
[10Jan2025 02:51:06.813] [Server thread/INFO] [net.minecraft.server.MinecraftServer/]: [Hikejace: Teleported Hikejace to Lcdo_Patino]
[10Jan2025 02:51:20.023] [Server thread/INFO] [net.minecraft.server.MinecraftServer/]: [Hikejace: Teleported SadduranGT to Lcdo_Patino]
[10Jan2025 02:51:45.807] [Server thread/INFO] [net.minecraft.server.MinecraftServer/]: Laudin114 has made the advancement [What a Dungeon!]
[10Jan2025 02:52:56.285] [Server thread/INFO] [net.minecraft.server.MinecraftServer/]: [Hikejace: Teleported Hikejace to Laudin114]
[10Jan2025 02:52:57.153] [Server thread/INFO] [net.minecraft.server.MinecraftServer/]: Hikejace has made the advancement [What a Dungeon!]
[10Jan2025 02:53:46.606] [Server thread/INFO] [net.minecraft.server.MinecraftServer/]: [Hikejace: Teleported SadduranGT to Laudin114]
[10Jan2025 02:53:46.659] [Server thread/INFO] [net.minecraft.server.MinecraftServer/]: SadduranGT has made the advancement [What a Dungeon!]
[10Jan2025 02:54:47.277] [Server thread/INFO] [net.minecraft.server.MinecraftServer/]: [Lcdo_Patino: Teleported Lcdo_Patino to Hikejace]
[10Jan2025 02:54:48.147] [Server thread/INFO] [net.minecraft.server.MinecraftServer/]: Lcdo_Patino has made the advancement [What a Dungeon!]
[10Jan2025 02:55:17.117] [Server thread/INFO] [com.github.sculkhorde.core.SculkHorde/]: Saving 0 events.
[10Jan2025 02:55:17.117] [Server thread/INFO] [com.github.sculkhorde.core.SculkHorde/]: Saved 0 events. Took 0 Milliseconds.
[10Jan2025 02:57:06.829] [Server thread/INFO] [net.minecraft.server.MinecraftServer/]: [Lcdo_Patino: Teleported Lcdo_Patino to 1183.500000, 70.000000, 49.500000]
[10Jan2025 02:57:14.416] [Server thread/INFO] [net.minecraft.server.MinecraftServer/]: [Lcdo_Patino: Teleported Lcdo_Patino to 1194.000000, 67.000000, 20.000000]
[10Jan2025 02:57:37.976] [Server thread/INFO] [net.minecraft.server.MinecraftServer/]: [Hikejace: Teleported Laudin114 to Hikejace]
[10Jan2025 02:57:40.637] [Server thread/INFO] [com.teampotato.redirector.Redirector/]: Redirecting net/minecraft/world/entity/animal/Panda$Gene
[10Jan2025 02:57:56.653] [Server thread/INFO] [net.minecraft.server.MinecraftServer/]: SadduranGT has made the advancement [Hot Stuff]
[10Jan2025 02:58:08.265] [Server thread/INFO] [net.minecraft.server.MinecraftServer/]: [Hikejace: Teleported Hikejace to Laudin114]
[10Jan2025 02:59:36.578] [Server thread/INFO] [net.minecraft.server.MinecraftServer/]: [Hikejace: Teleported SadduranGT to Laudin114]
[10Jan2025 02:59:46.306] [Server thread/INFO] [net.minecraft.server.MinecraftServer/]: Lcdo_Patino has made the advancement [Bewitched]
[10Jan2025 02:59:46.514] [Server thread/INFO] [com.teampotato.redirector.Redirector/]: Redirecting com/github/alexthe666/iceandfire/enums/EnumHippogryphTypes
[10Jan2025 03:00:17.141] [Server thread/INFO] [com.github.sculkhorde.core.SculkHorde/]: Saving 0 events.
[10Jan2025 03:00:17.142] [Server thread/INFO] [com.github.sculkhorde.core.SculkHorde/]: Saved 0 events. Took 0 Milliseconds.
[10Jan2025 03:00:57.209] [Server thread/INFO] [net.minecraft.server.MinecraftServer/]: [Hikejace: Teleported SadduranGT to Laudin114]
[10Jan2025 03:01:17.968] [Server thread/INFO] [net.minecraft.server.MinecraftServer/]: [Hikejace: Teleported Laudin114 to Hikejace]
[10Jan2025 03:01:33.514] [Server thread/INFO] [net.minecraft.server.MinecraftServer/]: [Lcdo_Patino: Teleported Lcdo_Patino to Hikejace]
[10Jan2025 03:02:54.767] [Server thread/INFO] [net.minecraft.server.MinecraftServer/]: [Hikejace: Teleported Hikejace to Lcdo_Patino]
[10Jan2025 03:02:55.063] [Worker-Main-147/WARN] [ModdingLegacy/StructureGel/]: [structure_gel] Empty or non-existent pool: minecraft:
[10Jan2025 03:02:55.091] [Worker-Main-147/WARN] [ModdingLegacy/StructureGel/]: [structure_gel] Empty or non-existent pool: minecraft:
[10Jan2025 03:02:55.238] [Worker-Main-147/WARN] [ModdingLegacy/StructureGel/]: [structure_gel] Empty or non-existent pool: minecraft:
[10Jan2025 03:02:55.378] [Worker-Main-147/WARN] [ModdingLegacy/StructureGel/]: [structure_gel] Empty or non-existent pool: minecraft:
[10Jan2025 03:02:55.690] [Worker-Main-147/WARN] [ModdingLegacy/StructureGel/]: [structure_gel] Empty or non-existent pool: minecraft:
[10Jan2025 03:02:55.797] [Worker-Main-147/WARN] [ModdingLegacy/StructureGel/]: [structure_gel] Empty or non-existent pool: minecraft:
[10Jan2025 03:02:55.798] [Worker-Main-147/WARN] [ModdingLegacy/StructureGel/]: [structure_gel] Empty or non-existent pool: minecraft:
[10Jan2025 03:03:06.859] [Server thread/INFO] [net.minecraft.server.MinecraftServer/]: Laudin114 was zapped to death by Hikejace
[10Jan2025 03:03:06.862] [Server thread/INFO] [com.tiviacz.travelersbackpack.TravelersBackpack/]: Created new backpack backup file for Laudin114 with unique ID travelersbackpack.standard_10.01.2025-03.03.06.dat
[10Jan2025 03:03:09.423] [Server thread/INFO] [net.minecraft.server.MinecraftServer/]: Hikejace was slain by Cyclops
[10Jan2025 03:03:09.427] [Server thread/INFO] [com.tiviacz.travelersbackpack.TravelersBackpack/]: Created new backpack backup file for Hikejace with unique ID travelersbackpack.standard_10.01.2025-03.03.09.dat
[10Jan2025 03:03:26.822] [Server thread/INFO] [net.minecraft.server.MinecraftServer/]: [Hikejace: Teleported Laudin114 to Lcdo_Patino]
[10Jan2025 03:03:34.363] [Server thread/INFO] [net.minecraft.server.MinecraftServer/]: [Hikejace: Teleported Hikejace to Laudin114]
[10Jan2025 03:03:35.672] [Server thread/INFO] [net.minecraft.server.MinecraftServer/]: [Lcdo_Patino: Teleported Lcdo_Patino to 1674.000000, 71.000000, 260.000000]
[10Jan2025 03:03:45.624] [Server thread/WARN] [net.minecraft.server.level.ServerPlayerGameMode/]: Mismatch in destroy block pos: BlockPos{x=1304, y=65, z=-408} BlockPos{x=1303, y=64, z=-408}
[10Jan2025 03:03:58.157] [Server thread/WARN] [net.minecraft.world.level.chunk.LevelChunk/]: Tried to load a DUMMY block entity @ BlockPos{x=1584, y=56, z=510} but found not block entity block Block{minecraft:air} at location
[10Jan2025 03:03:58.158] [Server thread/WARN] [net.minecraft.world.level.chunk.LevelChunk/]: Tried to load a block entity for block Block{minecraft:air} but failed at location BlockPos{x=1584, y=56, z=510}
[10Jan2025 03:03:58.158] [Server thread/WARN] [net.minecraft.world.level.chunk.LevelChunk/]: Tried to load a DUMMY block entity @ BlockPos{x=1586, y=56, z=510} but found not block entity block Block{minecraft:air} at location
[10Jan2025 03:03:58.158] [Server thread/WARN] [net.minecraft.world.level.chunk.LevelChunk/]: Tried to load a block entity for block Block{minecraft:air} but failed at location BlockPos{x=1586, y=56, z=510}
[10Jan2025 03:04:24.716] [Server thread/INFO] [net.minecraft.server.MinecraftServer/]: Hikejace was slain by Cyclops
[10Jan2025 03:04:38.423] [Server thread/INFO] [net.minecraft.server.MinecraftServer/]: [Hikejace: Teleported Hikejace to Laudin114]
[10Jan2025 03:05:17.141] [Server thread/INFO] [com.github.sculkhorde.core.SculkHorde/]: Saving 0 events.
[10Jan2025 03:05:17.141] [Server thread/INFO] [com.github.sculkhorde.core.SculkHorde/]: Saved 0 events. Took 0 Milliseconds.
[10Jan2025 03:05:24.277] [Worker-Main-146/INFO] [com.teampotato.redirector.Redirector/]: Redirecting com/github/alexthe666/iceandfire/world/gen/WorldGenMyrmexHive$RoomType
[10Jan2025 03:05:24.329] [Worker-Main-146/INFO] [com.teampotato.redirector.Redirector/]: Redirecting com/github/alexthe666/iceandfire/entity/ai/MyrmexAIReEnterHive$Phases
[10Jan2025 03:05:55.129] [Server thread/INFO] [net.minecraft.server.MinecraftServer/]: Hikejace was slain by Cyclops
[10Jan2025 03:06:01.600] [Server thread/INFO] [net.minecraft.server.MinecraftServer/]: [Hikejace: Teleported Hikejace to Laudin114]
[10Jan2025 03:06:11.585] [pool-5-thread-1/INFO] [Supplementaries/]: Searching for closest structure among [ResourceKey[minecraft:worldgen/structure / towns_and_towers:village_mushroom_fields], ResourceKey[minecraft:worldgen/structure / towns_and_towers:exclusives/village_nilotic], ResourceKey[minecraft:worldgen/structure / towns_and_towers:village_swamp], ResourceKey[minecraft:worldgen/structure / minecraft:village_savanna], ResourceKey[minecraft:worldgen/structure / integrated_villages:airship_village], ResourceKey[minecraft:worldgen/structure / minecraft:village_plains], ResourceKey[minecraft:worldgen/structure / towns_and_towers:exclusives/village_mediterranean], ResourceKey[minecraft:worldgen/structure / integrated_villages:marketstead_village]] from pos BlockPos{x=1003, y=86, z=-1429}
[10Jan2025 03:06:13.620] [Server thread/INFO] [com.teampotato.redirector.Redirector/]: Redirecting net/mehvahdjukaar/amendments/reg/ModBlockProperties$PostType
[10Jan2025 03:06:18.405] [Server thread/ERROR] [net.minecraft.Util/]: Invalid entity rotation: NaN, discarding.
[10Jan2025 03:06:22.513] [Server thread/ERROR] [net.minecraft.Util/]: Invalid entity rotation: NaN, discarding.
[10Jan2025 03:06:35.917] [pool-5-thread-1/INFO] [Supplementaries/]: Searching for closest structure among [ResourceKey[minecraft:worldgen/structure / towns_and_towers:village_sunflower_plains], ResourceKey[minecraft:worldgen/structure / minecraft:village_plains], ResourceKey[minecraft:worldgen/structure / integrated_villages:mediterranean_village], ResourceKey[minecraft:worldgen/structure / towns_and_towers:village_beach], ResourceKey[minecraft:worldgen/structure / towns_and_towers:village_badlands], ResourceKey[minecraft:worldgen/structure / integrated_villages:mossy_mounds], ResourceKey[minecraft:worldgen/structure / towns_and_towers:village_ocean], ResourceKey[minecraft:worldgen/structure / towns_and_towers:village_birch_forest]] from pos BlockPos{x=2267, y=70, z=427}
[10Jan2025 03:07:24.525] [Server thread/INFO] [net.minecraft.server.MinecraftServer/]: SadduranGT has made the advancement [Fortune Seeker]
